C:\Users\ktsmi\source\repos\KAKE_ED_BE\KAKE_ED_BE\ClientApp\dist\out-tsc\e2e\src\app.po.js
C:\Users\ktsmi\source\repos\KAKE_ED_BE\KAKE_ED_BE\ClientApp\dist\out-tsc\e2e\src\app.po.js.map
C:\Users\ktsmi\source\repos\KAKE_ED_BE\KAKE_ED_BE\ClientApp\dist\out-tsc\e2e\src\app.e2e-spec.js
C:\Users\ktsmi\source\repos\KAKE_ED_BE\KAKE_ED_BE\ClientApp\dist\out-tsc\e2e\src\app.e2e-spec.js.map
C:\Users\ktsmi\source\repos\KAKE_ED_BE\KAKE_ED_BE\ClientApp\dist\out-tsc\src\components\app\material.module.js
C:\Users\ktsmi\source\repos\KAKE_ED_BE\KAKE_ED_BE\ClientApp\dist\out-tsc\src\components\app\material.module.js.map
C:\Users\ktsmi\source\repos\KAKE_ED_BE\KAKE_ED_BE\ClientApp\dist\out-tsc\src\components\app\clinical.js
C:\Users\ktsmi\source\repos\KAKE_ED_BE\KAKE_ED_BE\ClientApp\dist\out-tsc\src\components\app\clinical.js.map
C:\Users\ktsmi\source\repos\KAKE_ED_BE\KAKE_ED_BE\ClientApp\dist\out-tsc\src\components\clinic.service.js
C:\Users\ktsmi\source\repos\KAKE_ED_BE\KAKE_ED_BE\ClientApp\dist\out-tsc\src\components\clinic.service.js.map
C:\Users\ktsmi\source\repos\KAKE_ED_BE\KAKE_ED_BE\ClientApp\dist\out-tsc\src\components\clinical-info\clinical-info.component.js
C:\Users\ktsmi\source\repos\KAKE_ED_BE\KAKE_ED_BE\ClientApp\dist\out-tsc\src\components\clinical-info\clinical-info.component.js.map
C:\Users\ktsmi\source\repos\KAKE_ED_BE\KAKE_ED_BE\ClientApp\dist\out-tsc\src\components\general-info\general-info.component.js
C:\Users\ktsmi\source\repos\KAKE_ED_BE\KAKE_ED_BE\ClientApp\dist\out-tsc\src\components\general-info\general-info.component.js.map
C:\Users\ktsmi\source\repos\KAKE_ED_BE\KAKE_ED_BE\ClientApp\dist\out-tsc\src\components\home\home.component.js
C:\Users\ktsmi\source\repos\KAKE_ED_BE\KAKE_ED_BE\ClientApp\dist\out-tsc\src\components\home\home.component.js.map
C:\Users\ktsmi\source\repos\KAKE_ED_BE\KAKE_ED_BE\ClientApp\dist\out-tsc\src\components\feedback\feedback.component.js
C:\Users\ktsmi\source\repos\KAKE_ED_BE\KAKE_ED_BE\ClientApp\dist\out-tsc\src\components\feedback\feedback.component.js.map
C:\Users\ktsmi\source\repos\KAKE_ED_BE\KAKE_ED_BE\ClientApp\dist\out-tsc\src\components\contact\contact.component.js
C:\Users\ktsmi\source\repos\KAKE_ED_BE\KAKE_ED_BE\ClientApp\dist\out-tsc\src\components\contact\contact.component.js.map
C:\Users\ktsmi\source\repos\KAKE_ED_BE\KAKE_ED_BE\ClientApp\dist\out-tsc\src\components\individual-clinical\individual-clinical.component.js
C:\Users\ktsmi\source\repos\KAKE_ED_BE\KAKE_ED_BE\ClientApp\dist\out-tsc\src\components\individual-clinical\individual-clinical.component.js.map
C:\Users\ktsmi\source\repos\KAKE_ED_BE\KAKE_ED_BE\ClientApp\dist\out-tsc\src\components\app\app-routing.module.js
C:\Users\ktsmi\source\repos\KAKE_ED_BE\KAKE_ED_BE\ClientApp\dist\out-tsc\src\components\app\app-routing.module.js.map
C:\Users\ktsmi\source\repos\KAKE_ED_BE\KAKE_ED_BE\ClientApp\dist\out-tsc\src\components\app\app.component.js
C:\Users\ktsmi\source\repos\KAKE_ED_BE\KAKE_ED_BE\ClientApp\dist\out-tsc\src\components\app\app.component.js.map
C:\Users\ktsmi\source\repos\KAKE_ED_BE\KAKE_ED_BE\ClientApp\dist\out-tsc\src\components\navbar\navbar.component.js
C:\Users\ktsmi\source\repos\KAKE_ED_BE\KAKE_ED_BE\ClientApp\dist\out-tsc\src\components\navbar\navbar.component.js.map
C:\Users\ktsmi\source\repos\KAKE_ED_BE\KAKE_ED_BE\ClientApp\dist\out-tsc\src\components\search-clinical\search-clinical.component.js
C:\Users\ktsmi\source\repos\KAKE_ED_BE\KAKE_ED_BE\ClientApp\dist\out-tsc\src\components\search-clinical\search-clinical.component.js.map
C:\Users\ktsmi\source\repos\KAKE_ED_BE\KAKE_ED_BE\ClientApp\dist\out-tsc\src\components\footer\footer.component.js
C:\Users\ktsmi\source\repos\KAKE_ED_BE\KAKE_ED_BE\ClientApp\dist\out-tsc\src\components\footer\footer.component.js.map
C:\Users\ktsmi\source\repos\KAKE_ED_BE\KAKE_ED_BE\ClientApp\dist\out-tsc\src\components\app\app.module.js
C:\Users\ktsmi\source\repos\KAKE_ED_BE\KAKE_ED_BE\ClientApp\dist\out-tsc\src\components\app\app.module.js.map
C:\Users\ktsmi\source\repos\KAKE_ED_BE\KAKE_ED_BE\ClientApp\dist\out-tsc\src\environments\environment.js
C:\Users\ktsmi\source\repos\KAKE_ED_BE\KAKE_ED_BE\ClientApp\dist\out-tsc\src\environments\environment.js.map
C:\Users\ktsmi\source\repos\KAKE_ED_BE\KAKE_ED_BE\ClientApp\dist\out-tsc\src\main.js
C:\Users\ktsmi\source\repos\KAKE_ED_BE\KAKE_ED_BE\ClientApp\dist\out-tsc\src\main.js.map
C:\Users\ktsmi\source\repos\KAKE_ED_BE\KAKE_ED_BE\ClientApp\dist\out-tsc\src\polyfills.js
C:\Users\ktsmi\source\repos\KAKE_ED_BE\KAKE_ED_BE\ClientApp\dist\out-tsc\src\polyfills.js.map
C:\Users\ktsmi\source\repos\KAKE_ED_BE\KAKE_ED_BE\ClientApp\dist\out-tsc\src\test.js
C:\Users\ktsmi\source\repos\KAKE_ED_BE\KAKE_ED_BE\ClientApp\dist\out-tsc\src\test.js.map
C:\Users\ktsmi\source\repos\KAKE_ED_BE\KAKE_ED_BE\ClientApp\dist\out-tsc\src\components\clinic.service.spec.js
C:\Users\ktsmi\source\repos\KAKE_ED_BE\KAKE_ED_BE\ClientApp\dist\out-tsc\src\components\clinic.service.spec.js.map
C:\Users\ktsmi\source\repos\KAKE_ED_BE\KAKE_ED_BE\ClientApp\dist\out-tsc\src\components\app\app.component.spec.js
C:\Users\ktsmi\source\repos\KAKE_ED_BE\KAKE_ED_BE\ClientApp\dist\out-tsc\src\components\app\app.component.spec.js.map
C:\Users\ktsmi\source\repos\KAKE_ED_BE\KAKE_ED_BE\ClientApp\dist\out-tsc\src\components\clinical-info\clinical-info.component.spec.js
C:\Users\ktsmi\source\repos\KAKE_ED_BE\KAKE_ED_BE\ClientApp\dist\out-tsc\src\components\clinical-info\clinical-info.component.spec.js.map
C:\Users\ktsmi\source\repos\KAKE_ED_BE\KAKE_ED_BE\ClientApp\dist\out-tsc\src\components\contact\contact.component.spec.js
C:\Users\ktsmi\source\repos\KAKE_ED_BE\KAKE_ED_BE\ClientApp\dist\out-tsc\src\components\contact\contact.component.spec.js.map
C:\Users\ktsmi\source\repos\KAKE_ED_BE\KAKE_ED_BE\ClientApp\dist\out-tsc\src\components\feedback\feedback.component.spec.js
C:\Users\ktsmi\source\repos\KAKE_ED_BE\KAKE_ED_BE\ClientApp\dist\out-tsc\src\components\feedback\feedback.component.spec.js.map
C:\Users\ktsmi\source\repos\KAKE_ED_BE\KAKE_ED_BE\ClientApp\dist\out-tsc\src\components\footer\footer.component.spec.js
C:\Users\ktsmi\source\repos\KAKE_ED_BE\KAKE_ED_BE\ClientApp\dist\out-tsc\src\components\footer\footer.component.spec.js.map
C:\Users\ktsmi\source\repos\KAKE_ED_BE\KAKE_ED_BE\ClientApp\dist\out-tsc\src\components\general-info\general-info.component.spec.js
C:\Users\ktsmi\source\repos\KAKE_ED_BE\KAKE_ED_BE\ClientApp\dist\out-tsc\src\components\general-info\general-info.component.spec.js.map
C:\Users\ktsmi\source\repos\KAKE_ED_BE\KAKE_ED_BE\ClientApp\dist\out-tsc\src\components\home\home.component.spec.js
C:\Users\ktsmi\source\repos\KAKE_ED_BE\KAKE_ED_BE\ClientApp\dist\out-tsc\src\components\home\home.component.spec.js.map
C:\Users\ktsmi\source\repos\KAKE_ED_BE\KAKE_ED_BE\ClientApp\dist\out-tsc\src\components\individual-clinical\individual-clinical.component.spec.js
C:\Users\ktsmi\source\repos\KAKE_ED_BE\KAKE_ED_BE\ClientApp\dist\out-tsc\src\components\individual-clinical\individual-clinical.component.spec.js.map
C:\Users\ktsmi\source\repos\KAKE_ED_BE\KAKE_ED_BE\ClientApp\dist\out-tsc\src\components\navbar\navbar.component.spec.js
C:\Users\ktsmi\source\repos\KAKE_ED_BE\KAKE_ED_BE\ClientApp\dist\out-tsc\src\components\navbar\navbar.component.spec.js.map
C:\Users\ktsmi\source\repos\KAKE_ED_BE\KAKE_ED_BE\ClientApp\dist\out-tsc\src\components\search-clinical\search-clinical.component.spec.js
C:\Users\ktsmi\source\repos\KAKE_ED_BE\KAKE_ED_BE\ClientApp\dist\out-tsc\src\components\search-clinical\search-clinical.component.spec.js.map
C:\Users\ktsmi\source\repos\KAKE_ED_BE\KAKE_ED_BE\ClientApp\dist\out-tsc\src\environments\environment.prod.js
C:\Users\ktsmi\source\repos\KAKE_ED_BE\KAKE_ED_BE\ClientApp\dist\out-tsc\src\environments\environment.prod.js.map
